<?xml version="1.0" encoding="UTF-8"?>
<testng-results skipped="0" failed="0" ignored="0" total="1" passed="1">
  <reporter-output>
    <line>
      <![CDATA[Contact Created Successfully]]>
    </line>
  </reporter-output>
  <suite name="Default suite" duration-ms="52962" started-at="2020-12-13T14:34:27Z" finished-at="2020-12-13T14:35:20Z">
    <groups>
    </groups>
    <test name="Default test" duration-ms="52962" started-at="2020-12-13T14:34:27Z" finished-at="2020-12-13T14:35:20Z">
      <class name="com.vtiger.testScripts.CreateNewContactTest">
        <test-method status="PASS" signature="configBS()[pri:0, instance:com.vtiger.testScripts.CreateNewContactTest@77caeb3e]" name="configBS" is-config="true" duration-ms="56" started-at="2020-12-13T14:34:27Z" finished-at="2020-12-13T14:34:27Z">
          <reporter-output>
          </reporter-output>
        </test-method> <!-- configBS -->
        <test-method status="PASS" signature="configBT()[pri:0, instance:com.vtiger.testScripts.CreateNewContactTest@77caeb3e]" name="configBT" is-config="true" duration-ms="0" started-at="2020-12-13T14:34:27Z" finished-at="2020-12-13T14:34:27Z">
          <reporter-output>
          </reporter-output>
        </test-method> <!-- configBT -->
        <test-method status="PASS" signature="configBC()[pri:0, instance:com.vtiger.testScripts.CreateNewContactTest@77caeb3e]" name="configBC" is-config="true" duration-ms="17598" started-at="2020-12-13T14:34:27Z" finished-at="2020-12-13T14:34:44Z">
          <reporter-output>
          </reporter-output>
        </test-method> <!-- configBC -->
        <test-method status="PASS" signature="configBM()[pri:0, instance:com.vtiger.testScripts.CreateNewContactTest@77caeb3e]" name="configBM" is-config="true" duration-ms="8437" started-at="2020-12-13T14:34:44Z" finished-at="2020-12-13T14:34:53Z">
          <reporter-output>
          </reporter-output>
        </test-method> <!-- configBM -->
        <test-method status="PASS" signature="createContact()[pri:0, instance:com.vtiger.testScripts.CreateNewContactTest@77caeb3e]" name="createContact" duration-ms="24268" started-at="2020-12-13T14:34:53Z" finished-at="2020-12-13T14:35:17Z">
          <reporter-output>
            <line>
              <![CDATA[Contact Created Successfully]]>
            </line>
          </reporter-output>
        </test-method> <!-- createContact -->
        <test-method status="PASS" signature="configAM()[pri:0, instance:com.vtiger.testScripts.CreateNewContactTest@77caeb3e]" name="configAM" is-config="true" duration-ms="1760" started-at="2020-12-13T14:35:17Z" finished-at="2020-12-13T14:35:19Z">
          <reporter-output>
          </reporter-output>
        </test-method> <!-- configAM -->
        <test-method status="PASS" signature="configAC()[pri:0, instance:com.vtiger.testScripts.CreateNewContactTest@77caeb3e]" name="configAC" is-config="true" duration-ms="850" started-at="2020-12-13T14:35:19Z" finished-at="2020-12-13T14:35:20Z">
          <reporter-output>
          </reporter-output>
        </test-method> <!-- configAC -->
        <test-method status="PASS" signature="configAT()[pri:0, instance:com.vtiger.testScripts.CreateNewContactTest@77caeb3e]" name="configAT" is-config="true" duration-ms="0" started-at="2020-12-13T14:35:20Z" finished-at="2020-12-13T14:35:20Z">
          <reporter-output>
          </reporter-output>
        </test-method> <!-- configAT -->
        <test-method status="PASS" signature="configAS()[pri:0, instance:com.vtiger.testScripts.CreateNewContactTest@77caeb3e]" name="configAS" is-config="true" duration-ms="0" started-at="2020-12-13T14:35:20Z" finished-at="2020-12-13T14:35:20Z">
          <reporter-output>
          </reporter-output>
        </test-method> <!-- configAS -->
      </class> <!-- com.vtiger.testScripts.CreateNewContactTest -->
    </test> <!-- Default test -->
  </suite> <!-- Default suite -->
</testng-results>
