<?xml version="1.0" encoding="UTF-8"?>
<testng-results skipped="0" failed="0" ignored="8" total="11" passed="3">
  <reporter-output>
    <line>
      <![CDATA[Contact Created Successfully]]>
    </line>
    <line>
      <![CDATA[Validation Pass]]>
    </line>
    <line>
      <![CDATA[[ LEA40 ] Ankush - Lead Information]]>
    </line>
    <line>
      <![CDATA[Test Pass]]>
    </line>
  </reporter-output>
  <suite name="Suite" duration-ms="69989" started-at="2020-11-13T09:52:00Z" finished-at="2020-11-13T09:53:10Z">
    <groups>
    </groups>
    <test name="Test" duration-ms="69989" started-at="2020-11-13T09:52:00Z" finished-at="2020-11-13T09:53:10Z">
      <class name="com.vtiger.testScripts.CreateNewContactTest">
        <test-method status="PASS" signature="configBS()[pri:0, instance:com.vtiger.testScripts.CreateNewContactTest@42d80b78]" name="configBS" is-config="true" duration-ms="18" started-at="2020-11-13T09:52:00Z" finished-at="2020-11-13T09:52:00Z">
          <reporter-output>
          </reporter-output>
        </test-method> <!-- configBS -->
        <test-method status="PASS" signature="configBT()[pri:0, instance:com.vtiger.testScripts.CreateNewContactTest@42d80b78]" name="configBT" is-config="true" duration-ms="0" started-at="2020-11-13T09:52:00Z" finished-at="2020-11-13T09:52:00Z">
          <reporter-output>
          </reporter-output>
        </test-method> <!-- configBT -->
        <test-method status="PASS" signature="configBC()[pri:0, instance:com.vtiger.testScripts.CreateNewContactTest@42d80b78]" name="configBC" is-config="true" duration-ms="8535" started-at="2020-11-13T09:52:00Z" finished-at="2020-11-13T09:52:09Z">
          <reporter-output>
          </reporter-output>
        </test-method> <!-- configBC -->
        <test-method status="PASS" signature="configBM()[pri:0, instance:com.vtiger.testScripts.CreateNewContactTest@42d80b78]" name="configBM" is-config="true" duration-ms="4316" started-at="2020-11-13T09:52:09Z" finished-at="2020-11-13T09:52:13Z">
          <reporter-output>
          </reporter-output>
        </test-method> <!-- configBM -->
        <test-method status="PASS" signature="createContact()[pri:0, instance:com.vtiger.testScripts.CreateNewContactTest@42d80b78]" name="createContact" duration-ms="13123" started-at="2020-11-13T09:52:13Z" finished-at="2020-11-13T09:52:26Z">
          <reporter-output>
            <line>
              <![CDATA[Contact Created Successfully]]>
            </line>
          </reporter-output>
        </test-method> <!-- createContact -->
        <test-method status="PASS" signature="configAM()[pri:0, instance:com.vtiger.testScripts.CreateNewContactTest@42d80b78]" name="configAM" is-config="true" duration-ms="1173" started-at="2020-11-13T09:52:26Z" finished-at="2020-11-13T09:52:27Z">
          <reporter-output>
          </reporter-output>
        </test-method> <!-- configAM -->
        <test-method status="PASS" signature="configAC()[pri:0, instance:com.vtiger.testScripts.CreateNewContactTest@42d80b78]" name="configAC" is-config="true" duration-ms="885" started-at="2020-11-13T09:52:27Z" finished-at="2020-11-13T09:52:28Z">
          <reporter-output>
          </reporter-output>
        </test-method> <!-- configAC -->
        <test-method status="PASS" signature="configAT()[pri:0, instance:com.vtiger.testScripts.CreateNewContactTest@42d80b78]" name="configAT" is-config="true" duration-ms="0" started-at="2020-11-13T09:53:10Z" finished-at="2020-11-13T09:53:10Z">
          <reporter-output>
          </reporter-output>
        </test-method> <!-- configAT -->
        <test-method status="PASS" signature="configAS()[pri:0, instance:com.vtiger.testScripts.CreateNewContactTest@42d80b78]" name="configAS" is-config="true" duration-ms="0" started-at="2020-11-13T09:53:10Z" finished-at="2020-11-13T09:53:10Z">
          <reporter-output>
          </reporter-output>
        </test-method> <!-- configAS -->
      </class> <!-- com.vtiger.testScripts.CreateNewContactTest -->
      <class name="com.vtiger.testScripts.CreateNewProductTest">
        <test-method status="PASS" signature="configBC()[pri:0, instance:com.vtiger.testScripts.CreateNewProductTest@3bfdc050]" name="configBC" is-config="true" duration-ms="6253" started-at="2020-11-13T09:52:28Z" finished-at="2020-11-13T09:52:34Z">
          <reporter-output>
          </reporter-output>
        </test-method> <!-- configBC -->
        <test-method status="PASS" signature="configBM()[pri:0, instance:com.vtiger.testScripts.CreateNewProductTest@3bfdc050]" name="configBM" is-config="true" duration-ms="2468" started-at="2020-11-13T09:52:34Z" finished-at="2020-11-13T09:52:37Z">
          <reporter-output>
          </reporter-output>
        </test-method> <!-- configBM -->
        <test-method status="PASS" signature="createProduct()[pri:0, instance:com.vtiger.testScripts.CreateNewProductTest@3bfdc050]" name="createProduct" duration-ms="9245" started-at="2020-11-13T09:52:37Z" finished-at="2020-11-13T09:52:46Z">
          <reporter-output>
            <line>
              <![CDATA[Validation Pass]]>
            </line>
          </reporter-output>
        </test-method> <!-- createProduct -->
        <test-method status="PASS" signature="configAM()[pri:0, instance:com.vtiger.testScripts.CreateNewProductTest@3bfdc050]" name="configAM" is-config="true" duration-ms="1048" started-at="2020-11-13T09:52:46Z" finished-at="2020-11-13T09:52:47Z">
          <reporter-output>
          </reporter-output>
        </test-method> <!-- configAM -->
        <test-method status="PASS" signature="configAC()[pri:0, instance:com.vtiger.testScripts.CreateNewProductTest@3bfdc050]" name="configAC" is-config="true" duration-ms="871" started-at="2020-11-13T09:52:47Z" finished-at="2020-11-13T09:52:48Z">
          <reporter-output>
          </reporter-output>
        </test-method> <!-- configAC -->
      </class> <!-- com.vtiger.testScripts.CreateNewProductTest -->
      <class name="com.vtiger.testScripts.CreateNewLeadTest">
        <test-method status="PASS" signature="configBC()[pri:0, instance:com.vtiger.testScripts.CreateNewLeadTest@1bce4f0a]" name="configBC" is-config="true" duration-ms="6610" started-at="2020-11-13T09:52:48Z" finished-at="2020-11-13T09:52:55Z">
          <reporter-output>
          </reporter-output>
        </test-method> <!-- configBC -->
        <test-method status="PASS" signature="configBM()[pri:0, instance:com.vtiger.testScripts.CreateNewLeadTest@1bce4f0a]" name="configBM" is-config="true" duration-ms="3108" started-at="2020-11-13T09:52:55Z" finished-at="2020-11-13T09:52:58Z">
          <reporter-output>
          </reporter-output>
        </test-method> <!-- configBM -->
        <test-method status="PASS" signature="createLead()[pri:0, instance:com.vtiger.testScripts.CreateNewLeadTest@1bce4f0a]" name="createLead" duration-ms="9891" started-at="2020-11-13T09:52:58Z" finished-at="2020-11-13T09:53:08Z">
          <reporter-output>
            <line>
              <![CDATA[[ LEA40 ] Ankush - Lead Information]]>
            </line>
            <line>
              <![CDATA[Test Pass]]>
            </line>
          </reporter-output>
        </test-method> <!-- createLead -->
        <test-method status="PASS" signature="configAM()[pri:0, instance:com.vtiger.testScripts.CreateNewLeadTest@1bce4f0a]" name="configAM" is-config="true" duration-ms="1485" started-at="2020-11-13T09:53:08Z" finished-at="2020-11-13T09:53:09Z">
          <reporter-output>
          </reporter-output>
        </test-method> <!-- configAM -->
        <test-method status="PASS" signature="configAC()[pri:0, instance:com.vtiger.testScripts.CreateNewLeadTest@1bce4f0a]" name="configAC" is-config="true" duration-ms="879" started-at="2020-11-13T09:53:09Z" finished-at="2020-11-13T09:53:10Z">
          <reporter-output>
          </reporter-output>
        </test-method> <!-- configAC -->
      </class> <!-- com.vtiger.testScripts.CreateNewLeadTest -->
    </test> <!-- Test -->
  </suite> <!-- Suite -->
</testng-results>
