<?xml version="1.0" encoding="UTF-8"?>
<!-- Generated by org.testng.reporters.JUnitXMLReporter -->
<testsuite hostname="Ankush" ignored="8" name="Test" tests="3" failures="0" timestamp="13 Nov 2020 09:53:10 GMT" time="69.989" errors="0">
  <testcase name="createContact" time="13.123" classname="com.vtiger.testScripts.CreateNewContactTest"/>
  <testcase name="createProduct" time="9.245" classname="com.vtiger.testScripts.CreateNewProductTest"/>
  <testcase name="createLead" time="9.891" classname="com.vtiger.testScripts.CreateNewLeadTest"/>
  <testcase name="@BeforeSuite configBS" time="0.0" classname="com.vtiger.genericLib.BaseClass">
    <ignored/>
  </testcase> <!-- @BeforeSuite configBS -->
  <testcase name="@BeforeSuite configBS" time="0.0" classname="com.vtiger.genericLib.BaseClass">
    <ignored/>
  </testcase> <!-- @BeforeSuite configBS -->
  <testcase name="@BeforeTest configBT" time="0.0" classname="com.vtiger.genericLib.BaseClass">
    <ignored/>
  </testcase> <!-- @BeforeTest configBT -->
  <testcase name="@BeforeTest configBT" time="0.0" classname="com.vtiger.genericLib.BaseClass">
    <ignored/>
  </testcase> <!-- @BeforeTest configBT -->
  <testcase name="@AfterSuite configAS" time="0.0" classname="com.vtiger.genericLib.BaseClass">
    <ignored/>
  </testcase> <!-- @AfterSuite configAS -->
  <testcase name="@AfterSuite configAS" time="0.0" classname="com.vtiger.genericLib.BaseClass">
    <ignored/>
  </testcase> <!-- @AfterSuite configAS -->
  <testcase name="@AfterTest configAT" time="0.0" classname="com.vtiger.genericLib.BaseClass">
    <ignored/>
  </testcase> <!-- @AfterTest configAT -->
  <testcase name="@AfterTest configAT" time="0.0" classname="com.vtiger.genericLib.BaseClass">
    <ignored/>
  </testcase> <!-- @AfterTest configAT -->
</testsuite> <!-- Test -->
